\BOOKMARK [1][-]{section.1}{\376\377\200\314\146\157\116\313\176\315}{}% 1
\BOOKMARK [1][-]{section.2}{\376\377\133\236\232\214\145\271\150\110}{}% 2
\BOOKMARK [2][-]{subsection.2.1}{\376\377\124\310\133\306\230\177\221\317}{section.2}% 3
\BOOKMARK [1][-]{section.3}{\376\377\133\236\232\214\210\305\177\156\116\016\200\046\124\010\214\003\143\247}{}% 4
\BOOKMARK [1][-]{section.4}{\376\377\176\323\213\272}{}% 5
\BOOKMARK [2][-]{subsection.4.1}{\376\377\133\236\232\214\123\302\145\160\140\073\176\323}{section.4}% 6
\BOOKMARK [2][-]{subsection.4.2}{\376\377\213\346\176\306\123\302\145\160\122\006\147\220}{section.4}% 7
\BOOKMARK [3][-]{subsubsection.4.2.1}{\376\377\126\376\0002\000c\377\032\137\072\167\355\172\013\200\046\124\010\123\072\225\364\166\204\000Q\000M\000E}{subsection.4.2}% 8
\BOOKMARK [3][-]{subsubsection.4.2.2}{\376\377\126\376\0003\000a\377\032\116\055\225\364\200\046\124\010\123\072\225\364\166\204\000Q\000M\000E\142\221\122\066}{subsection.4.2}% 9
\BOOKMARK [3][-]{subsubsection.4.2.3}{\376\377\126\376\0003\000b\377\032\176\277\140\047\122\277\213\361\133\374\166\204\000Q\000M\000E\221\315\163\260}{subsection.4.2}% 10
\BOOKMARK [3][-]{subsubsection.4.2.4}{\376\377\126\376\0004\000a\377\032\224\301\170\301\140\001\155\354\160\153\166\204\000Q\000M\000E\221\315\163\260}{subsection.4.2}% 11
\BOOKMARK [3][-]{subsubsection.4.2.5}{\376\377\126\376\0004\000c\377\032\145\340\136\217\122\277\116\013\166\204\000Q\000M\000E\234\201\150\322\140\047}{subsection.4.2}% 12
\BOOKMARK [2][-]{subsection.4.3}{\376\377\133\236\232\214\213\276\213\241\166\204\174\373\176\337\140\047\116\016\133\371\153\324\140\047}{section.4}% 13
\BOOKMARK [3][-]{subsubsection.4.3.1}{\376\377\122\035\131\313\140\001\174\173\127\213\166\204\133\371\153\324}{subsection.4.3}% 14
\BOOKMARK [3][-]{subsubsection.4.3.2}{\376\377\200\046\124\010\123\072\225\364\166\204\174\373\176\337\170\024\172\166}{subsection.4.3}% 15
\BOOKMARK [3][-]{subsubsection.4.3.3}{\376\377\127\050\117\115\122\277\166\204\131\032\176\364\214\003\143\247}{subsection.4.3}% 16
\BOOKMARK [2][-]{subsection.4.4}{\376\377\162\151\164\006\155\036\133\337\116\016\141\017\116\111}{section.4}% 17
\BOOKMARK [3][-]{subsubsection.4.4.1}{\376\377\000Q\000M\000E\121\372\163\260\166\204\147\141\116\366}{subsection.4.4}% 18
\BOOKMARK [3][-]{subsubsection.4.4.2}{\376\377\133\236\232\214\213\276\213\241\166\204\155\361\134\102\220\073\217\221}{subsection.4.4}% 19
\BOOKMARK [3][-]{subsubsection.4.4.3}{\376\377\142\200\147\057\142\020\134\061\134\125\171\072}{subsection.4.4}% 20
\BOOKMARK [2][-]{subsection.4.5}{\376\377\140\073\176\323}{section.4}% 21
\BOOKMARK [1][-]{section.5}{\376\377\121\163\225\056\121\154\137\017\116\016\143\250\133\374}{}% 22
\BOOKMARK [1][-]{section.6}{\376\377\167\355\172\013\166\370\116\222\117\134\165\050\123\072\225\364\166\204\176\240\177\040\116\015\133\371\171\360\140\047\155\113\221\317\116\016\000Q\000M\000E\211\302\155\113}{}% 23
\BOOKMARK [2][-]{subsection.6.1}{\376\377\133\371\171\360\140\047\166\204\116\044\116\052\134\102\227\142}{section.6}% 24
\BOOKMARK [2][-]{subsection.6.2}{\376\377\221\317\133\120\000M\000p\000e\000m\000b\000a\145\110\136\224\166\204\150\070\137\303\147\072\122\066}{section.6}% 25
\BOOKMARK [2][-]{subsection.6.3}{\376\377\137\072\167\355\172\013\200\046\124\010\123\072\225\364\166\204\000Q\000M\000E\147\072\122\066\377\032\121\306\174\222\133\120\116\313\133\374\166\204\137\033\214\153}{section.6}% 26
\BOOKMARK [2][-]{subsection.6.4}{\376\377\133\236\232\214\176\306\202\202\116\016\121\163\225\056\123\321\163\260\377\032}{section.6}% 27
\BOOKMARK [2][-]{subsection.6.5}{\376\377\176\240\177\040\116\015\133\371\171\360\140\047\133\232\116\111\377\032}{section.6}% 28
\BOOKMARK [1][-]{section.7}{\376\377\000Q\000M\000E\127\050\116\055\225\364\200\046\124\010\123\072\225\364\166\204\142\221\122\066}{}% 29
\BOOKMARK [2][-]{subsection.7.1}{\376\377\217\250\147\220\123\357\171\357\116\016\160\355\123\026}{section.7}% 30
\BOOKMARK [2][-]{subsection.7.2}{\376\377\133\236\232\214\213\276\177\156\116\016\123\302\145\160}{section.7}% 31
\BOOKMARK [2][-]{subsection.7.3}{\376\377\121\163\225\056\133\236\232\214\176\323\147\234}{section.7}% 32
\BOOKMARK [2][-]{subsection.7.4}{\376\377\162\151\164\006\147\072\122\066\211\343\221\312}{section.7}% 33
\BOOKMARK [2][-]{subsection.7.5}{\376\377\164\006\213\272\232\214\213\301}{section.7}% 34
\BOOKMARK [2][-]{subsection.7.6}{\376\377\221\315\211\201\141\017\116\111}{section.7}% 35
\BOOKMARK [1][-]{section.8}{\376\377\000Q\000M\000E\166\204\221\315\163\260}{}% 36
\BOOKMARK [2][-]{subsection.8.1}{\376\377\170\024\172\166\200\314\146\157\116\016\225\356\230\230\143\320\121\372}{section.8}% 37
\BOOKMARK [2][-]{subsection.8.2}{\376\377\147\072\122\066\116\000\377\032\127\050\117\115\176\277\140\047\122\277\213\361\133\374\166\204\000Q\000M\000E\221\315\163\260}{section.8}% 38
\BOOKMARK [3][-]{subsubsection.8.2.1}{\376\377\133\236\232\214\213\276\177\156}{subsection.8.2}% 39
\BOOKMARK [3][-]{subsubsection.8.2.2}{\376\377\121\163\225\056\176\323\147\234\116\016\162\151\164\006\147\072\122\066}{subsection.8.2}% 40
\BOOKMARK [3][-]{subsubsection.8.2.3}{\376\377\220\115\123\206\140\047\170\064\177\072\166\204\213\301\143\156}{subsection.8.2}% 41
\BOOKMARK [2][-]{subsection.8.3}{\376\377\147\072\122\066\116\214\377\032\120\076\145\234\224\301\170\301\140\001\155\354\160\153\166\204\000Q\000M\000E\221\315\163\260}{section.8}% 42
\BOOKMARK [3][-]{subsubsection.8.3.1}{\376\377\133\236\232\214\213\276\177\156}{subsection.8.3}% 43
\BOOKMARK [3][-]{subsubsection.8.3.2}{\376\377\000L\000M\000G\152\041\127\213\146\040\134\004\164\006\213\272}{subsection.8.3}% 44
\BOOKMARK [3][-]{subsubsection.8.3.3}{\376\377\133\236\232\214\176\323\147\234\116\016\234\201\150\322\140\047\232\214\213\301}{subsection.8.3}% 45
\BOOKMARK [2][-]{subsection.8.4}{\376\377\162\151\164\006\147\072\122\066\140\073\176\323}{section.8}% 46
\BOOKMARK [3][-]{subsubsection.8.4.1}{\376\377\127\050\117\115\176\277\140\047\122\277\147\072\122\066}{subsection.8.4}% 47
\BOOKMARK [3][-]{subsubsection.8.4.2}{\376\377\120\076\145\234\224\301\170\301\140\001\147\072\122\066}{subsection.8.4}% 48
\BOOKMARK [2][-]{subsection.8.5}{\376\377\221\315\211\201\141\017\116\111\116\016\176\323\213\272}{section.8}% 49
\BOOKMARK [1][-]{section.9}{\376\377\116\052\116\272\173\024\213\260\000\040}{}% 50
\BOOKMARK [1][-]{section.10}{\376\377\133\211\137\267\150\356\134\100\127\337\123\026\116\016\131\032\117\123\134\100\127\337\123\026\166\204\123\072\122\053}{}% 51
\BOOKMARK [2][-]{subsection.10.1}{\376\377\127\372\147\054\151\202\137\365\133\371\153\324}{section.10}% 52
\BOOKMARK [2][-]{subsection.10.2}{\376\377\162\151\164\006\147\072\122\066\133\371\153\324}{section.10}% 53
\BOOKMARK [2][-]{subsection.10.3}{\376\377\160\355\123\026\210\114\116\072\116\016\122\250\122\233\133\146\133\371\153\324}{section.10}% 54
\BOOKMARK [2][-]{subsection.10.4}{\376\377\133\236\232\214\162\171\137\201\116\016\143\242\155\113\145\271\154\325\133\371\153\324}{section.10}% 55
\BOOKMARK [2][-]{subsection.10.5}{\376\377\164\006\213\272\141\017\116\111\116\016\162\151\164\006\121\205\155\265\133\371\153\324}{section.10}% 56
\BOOKMARK [2][-]{subsection.10.6}{\376\377\121\163\225\056\162\151\164\006\155\036\133\337}{section.10}% 57
\BOOKMARK [2][-]{subsection.10.7}{\376\377\140\073\176\323}{section.10}% 58
\BOOKMARK [2][-]{subsection.10.8}{\376\377\000W\000i\000g\000n\000e\000r\000-\000D\000y\000s\000o\000n\122\006\136\003\166\204\162\151\164\006\215\167\156\220}{section.10}% 59
\BOOKMARK [2][-]{subsection.10.9}{\376\377\000P\000o\000i\000s\000s\000o\000n\122\006\136\003\166\204\162\151\164\006\215\167\156\220}{section.10}% 60
\BOOKMARK [2][-]{subsection.10.10}{\376\377\123\357\171\357\174\373\176\337\166\204\200\375\176\247\176\337\213\241}{section.10}% 61
\BOOKMARK [2][-]{subsection.10.11}{\376\377\127\050\221\317\133\120\000M\000p\000e\000m\000b\000a\145\110\136\224\170\024\172\166\116\055\166\204\117\123\163\260}{section.10}% 62
\BOOKMARK [2][-]{subsection.10.12}{\376\377\226\217\147\072\167\351\226\065\164\006\213\272\150\106\147\266}{section.10}% 63
\BOOKMARK [2][-]{subsection.10.13}{\376\377\116\015\124\014\221\317\133\120\166\370\166\204\200\375\176\247\176\337\213\241\162\171\137\201}{section.10}% 64
\BOOKMARK [2][-]{subsection.10.14}{\376\377\200\375\176\247\176\337\213\241\166\204\155\361\134\102\162\151\164\006\141\017\116\111}{section.10}% 65
\BOOKMARK [1][-]{section.11}{\376\377\116\015\123\357\160\355\123\026\174\373\176\337\166\204\133\214\145\164\122\006\174\173}{}% 66
\BOOKMARK [2][-]{subsection.11.1}{\376\377\117\040\176\337\116\015\123\357\160\355\123\026\174\373\176\337}{section.11}% 67
\BOOKMARK [2][-]{subsection.11.2}{\376\377\221\317\133\120\131\032\117\123\165\244\165\325}{section.11}% 68
\BOOKMARK [3][-]{subsubsection.11.2.1}{\376\377\162\151\164\006\147\072\122\066}{subsection.11.2}% 69
\BOOKMARK [3][-]{subsubsection.11.2.2}{\376\377\116\016\000M\000B\000L\166\204\123\072\122\053}{subsection.11.2}% 70
\BOOKMARK [2][-]{subsection.11.3}{\376\377\142\323\142\121\147\011\136\217\140\001}{section.11}% 71
\BOOKMARK [3][-]{subsubsection.11.3.1}{\376\377\162\151\164\006\147\072\122\066}{subsection.11.3}% 72
\BOOKMARK [3][-]{subsubsection.11.3.2}{\376\377\121\167\117\123\210\150\163\260}{subsection.11.3}% 73
\BOOKMARK [2][-]{subsection.11.4}{\376\377\221\317\133\120\145\366\225\364\146\166\117\123}{section.11}% 74
\BOOKMARK [3][-]{subsubsection.11.4.1}{\376\377\162\151\164\006\147\072\122\066}{subsection.11.4}% 75
\BOOKMARK [2][-]{subsection.11.5}{\376\377\121\166\116\326\162\171\153\212\174\173\127\213}{section.11}% 76
\BOOKMARK [3][-]{subsubsection.11.5.1}{\376\377\000S\000t\000a\000r\000k\131\032\117\123\134\100\127\337\123\026}{subsection.11.5}% 77
\BOOKMARK [3][-]{subsubsection.11.5.2}{\376\377\121\306\124\150\147\037\174\373\176\337}{subsection.11.5}% 78
\BOOKMARK [3][-]{subsubsection.11.5.3}{\376\377\176\246\147\137\174\373\176\337}{subsection.11.5}% 79
\BOOKMARK [2][-]{subsection.11.6}{\376\377\127\050\117\140\213\272\145\207\116\055\166\204\121\167\117\123\200\124\174\373}{section.11}% 80
\BOOKMARK [3][-]{subsubsection.11.6.1}{\376\377\176\277\140\047\122\277\116\016\000S\000t\000a\000r\000k\000\040\000M\000B\000L}{subsection.11.6}% 81
\BOOKMARK [3][-]{subsubsection.11.6.2}{\376\377\000Q\000M\000E\221\315\163\260\166\204\155\361\134\102\141\017\116\111}{subsection.11.6}% 82
\BOOKMARK [2][-]{subsection.11.7}{\376\377\164\006\213\272\150\106\147\266\377\032\000E\000T\000H\166\204\217\335\123\315}{section.11}% 83
\BOOKMARK [2][-]{subsection.11.8}{\376\377\133\236\232\214\143\242\155\113\145\271\154\325}{section.11}% 84
\BOOKMARK [2][-]{subsection.11.9}{\376\377\140\073\176\323}{section.11}% 85
