\BOOKMARK [1][-]{section.1}{\376\377\137\025\212\000}{}% 1
\BOOKMARK [1][-]{section.2}{\376\377\221\317\133\120\173\227\154\325\170\024\172\166}{}% 2
\BOOKMARK [2][-]{subsection.2.1}{\376\377\221\317\133\120\144\034\175\042\173\227\154\325}{section.2}% 3
\BOOKMARK [2][-]{subsection.2.2}{\376\377\221\317\133\120\120\205\221\314\123\366\123\330\143\142}{section.2}% 4
\BOOKMARK [2][-]{subsection.2.3}{\376\377\221\317\133\120\152\041\142\337\145\271\227\142\166\204\173\227\154\325}{section.2}% 5
\BOOKMARK [1][-]{section.3}{\376\377\221\317\133\120\170\154\116\366\142\200\147\057}{}% 6
\BOOKMARK [2][-]{subsection.3.1}{\376\377\215\205\133\374\221\317\133\120\153\324\162\171}{section.3}% 7
\BOOKMARK [2][-]{subsection.3.2}{\376\377\171\273\133\120\226\061\221\317\133\120\213\241\173\227}{section.3}% 8
\BOOKMARK [2][-]{subsection.3.3}{\376\377\121\111\221\317\133\120}{section.3}% 9
\BOOKMARK [2][-]{subsection.3.4}{\376\377\116\055\140\047\123\237\133\120}{section.3}% 10
\BOOKMARK [2][-]{subsection.3.5}{\376\377\123\112\133\374\117\123\221\317\133\120\160\271}{section.3}% 11
\BOOKMARK [2][-]{subsection.3.6}{\376\377\142\323\142\121\221\317\133\120\213\241\173\227}{section.3}% 12
\BOOKMARK [1][-]{section.4}{\376\377\221\317\133\120\176\240\225\031\116\016\133\271\225\031}{}% 13
\BOOKMARK [2][-]{subsection.4.1}{\376\377\210\150\227\142\170\001}{section.4}% 14
\BOOKMARK [2][-]{subsection.4.2}{\376\377\133\271\225\031\226\010\120\074\133\232\164\006}{section.4}% 15
\BOOKMARK [1][-]{section.5}{\376\377\221\317\133\120\217\157\116\366\116\016\177\026\172\013}{}% 16
\BOOKMARK [2][-]{subsection.5.1}{\376\377\221\317\133\120\177\026\172\013\213\355\212\000}{section.5}% 17
\BOOKMARK [2][-]{subsection.5.2}{\376\377\221\317\133\120\177\026\213\321\126\150\117\030\123\026}{section.5}% 18
\BOOKMARK [1][-]{section.6}{\376\377\176\323\213\272\116\016\134\125\147\033}{}% 19
\BOOKMARK [1][-]{section.7}{\376\377\127\372\147\054\150\106\147\266}{}% 20
\BOOKMARK [1][-]{section.8}{\376\377\221\317\133\120\176\240\225\031}{}% 21
\BOOKMARK [1][-]{section.9}{\376\377\133\236\163\260\215\357\137\204}{}% 22
