\BOOKMARK [2][-]{subsection.0.1}{\376\377\126\150\116\366\122\066\131\007}{}% 1
\BOOKMARK [3][-]{subsubsection.0.1.1}{\376\377\213\346\176\306\166\204\122\066\131\007\155\101\172\013}{subsection.0.1}% 2
\BOOKMARK [2][-]{subsection.0.2}{\376\377\126\150\116\366\140\047\200\375}{}% 3
\BOOKMARK [3][-]{subsubsection.0.2.1}{\376\377\123\302\145\160\155\113\221\317\145\271\154\325}{subsection.0.2}% 4
\BOOKMARK [3][-]{subsubsection.0.2.2}{\376\377\121\163\225\056\140\047\200\375\123\302\145\160}{subsection.0.2}% 5
\BOOKMARK [3][-]{subsubsection.0.2.3}{\376\377\122\066\131\007\135\345\202\172\166\204\121\163\225\056\122\033\145\260}{subsection.0.2}% 6
\BOOKMARK [2][-]{subsection.0.3}{\376\377\145\366\136\217\150\041\121\306\166\204\221\315\211\201\140\047}{}% 7
\BOOKMARK [3][-]{subsubsection.0.3.1}{\376\377\123\125\221\317\133\120\153\324\162\171\000X\000Y\201\011\121\262\116\016\000Z\201\011\121\262\166\204\174\276\170\156\124\014\153\145}{subsection.0.3}% 8
\BOOKMARK [3][-]{subsubsection.0.3.2}{\376\377\131\032\221\317\133\120\153\324\162\171\143\247\122\066\166\204\221\317\133\120\153\324\162\171\225\364\145\366\136\217\133\371\237\120}{subsection.0.3}% 9
\BOOKMARK [3][-]{subsubsection.0.3.3}{\376\377\200\046\124\010\126\150\116\016\221\317\133\120\153\324\162\171\166\204\124\014\153\145\117\030\123\026}{subsection.0.3}% 10
\BOOKMARK [2][-]{subsection.0.4}{\376\377\201\011\121\262\150\041\121\306}{}% 11
\BOOKMARK [3][-]{subsubsection.0.4.1}{\376\377\000Z\201\011\121\262\131\061\167\037\210\150\137\201}{subsection.0.4}% 12
\BOOKMARK [3][-]{subsubsection.0.4.2}{\376\377\131\061\167\037\150\041\153\143\145\271\154\325}{subsection.0.4}% 13
\BOOKMARK [2][-]{subsection.0.5}{\376\377\123\357\214\003\214\020\143\057\126\150\165\065\215\357\166\204\221\317\133\120\123\026}{}% 14
\BOOKMARK [3][-]{subsubsection.0.5.1}{\376\377\165\065\215\357\123\302\145\160\116\016\221\317\133\120\123\026}{subsection.0.5}% 15
\BOOKMARK [3][-]{subsubsection.0.5.2}{\376\377\124\310\133\306\230\177\221\317\143\250\133\374}{subsection.0.5}% 16
\BOOKMARK [2][-]{subsection.0.6}{\376\377\200\046\124\010\137\072\136\246\166\204\133\236\232\214\143\247\122\066}{}% 17
\BOOKMARK [3][-]{subsubsection.0.6.1}{\376\377\200\046\124\010\137\072\136\246\166\204\173\046\123\367\145\110\136\224}{subsection.0.6}% 18
\BOOKMARK [3][-]{subsubsection.0.6.2}{\376\377\200\046\124\010\123\072\225\364\166\204\133\236\232\214\133\236\163\260}{subsection.0.6}% 19
\BOOKMARK [2][-]{subsection.0.7}{\376\377\200\046\124\010\214\003\122\066\166\204\162\151\164\006\141\017\116\111}{}% 20
\BOOKMARK [3][-]{subsubsection.0.7.1}{\376\377\000S\000c\000h\000r\000i\000e\000f\000f\000e\000r\000-\000W\000o\000l\000f\000f\123\330\143\142\116\016\147\011\145\110\200\046\124\010}{subsection.0.7}% 21
\BOOKMARK [3][-]{subsubsection.0.7.2}{\376\377\147\011\145\110\200\046\124\010\166\204\162\151\164\006\147\145\156\220}{subsection.0.7}% 22
\BOOKMARK [2][-]{subsection.0.8}{\376\377\137\072\167\355\172\013\166\370\116\222\117\134\165\050\123\072\225\364\166\204\000E\000A\122\250\122\233\133\146}{}% 23
\BOOKMARK [2][-]{subsection.0.9}{\376\377\120\076\145\234\224\301\170\301\140\001\127\050\000r\000=\0001\145\366\166\204\211\343\147\220\176\323\147\234}{}% 24
\BOOKMARK [2][-]{subsection.0.10}{\376\377\127\050\117\115\122\277\133\371\000E\000A\122\250\122\233\133\146\166\204\137\161\124\315}{}% 25
\BOOKMARK [2][-]{subsection.0.11}{\376\377\220\000\166\370\136\162\145\110\136\224\116\016\152\041\142\337\145\271\154\325}{}% 26
