This is XeTeX, Version 3.141592653-2.6-0.999996 (TeX Live 2024) (preloaded format=xelatex 2025.2.8)  24 OCT 2025 09:19
entering extended mode
 restricted \write18 enabled.
 file:line:error style messages enabled.
 %&-line parsing enabled.
**main
(./main.tex
LaTeX2e <2023-11-01> patch level 1
L3 programming layer <2024-02-20>
(d:/APP/texlive/2024/texmf-dist/tex/latex/revtex/revtex4-2.cls
Document Class: revtex4-2 2022/06/05 4.2f (https://journals.aps.org/revtex/ for documentation)
 Copyright (c) 2019 American Physical Society.
 mailto:revtex@aps.org
 Licensed under the LPPL:
http://www.ctan.org/tex-archive/macros/latex/base/lppl.txt
 Arthur Ogawa <arthur_ogawa at sbcglobal dot net>
 Based on work by David Carlisle <david at dcarlisle.demon.co.uk>
 Version (4.2d--4.2f): Modified by Mark Doyle and Phelype Oleinik
 .
ltxutil[2022/06/05 4.2f utilities package (portions licensed from W. E. Baxter web at superscript.com)]
LaTeX Info: Redefining \@centercr on input line 356.
Class revtex4-2 Info: Repairing broken LaTeX eqnarray on input line 417.
\eqncolsep=\skip48
Class revtex4-2 Info: Repairing hyperref-unfriendly LaTeX definition of \mpfootnote on input line 492.
Class revtex4-2 Info: Repairing broken LateX \@sect on input line 814.
\intertabularlinepenalty=\count184
\@tbpen=\count185
\@arstrutbox@hline=\box51
Class revtex4-2 Info: Repairing broken LaTeX \@xbitor on input line 1845.
Class revtex4-2 Info: Making \typeout \long on input line 2110.
ltxfront[2022/06/05 4.2f frontmatter package (AO,DPC,MD)]
\c@affil=\count186
\c@collab=\count187
\absbox=\box52
ltxgrid[2022/06/05 4.2f page grid package (portions licensed from W. E. Baxter web at superscript.com)]
\c@linecount=\count188
\output@latex=\toks17
\box@size@1=\box53
\box@size@2=\box54
\@protection@box=\box55
\@topmark@saved=\toks18
\footins@saved=\box56
\footins@recovered=\box57
\column@recovered=\box58
\pagesofar=\box59
\footsofar=\box60
\pagegrid@col=\count189
Class revtex4-2 Info: Overriding \@vspace, \@vspacer, \@no@pgbk, \@newline, and \\  on input line 5676.
\c@part=\count190
\c@section=\count191
\c@subsection=\count192
\c@subsubsection=\count193
\c@paragraph=\count194
\c@subparagraph=\count195
\abovecaptionskip=\skip49
\belowcaptionskip=\skip50
\c@figure=\count196
\fbox@1=\box61
\c@table=\count197
\fbox@2=\box62
\c@video=\count198
\fbox@4=\box63
\@bibdataout=\write3
\widetext@top=\box64
\widetext@bot=\box65
Class revtex4-2 Info: Selecting society aps on input line 7669.
(d:/APP/texlive/2024/texmf-dist/tex/latex/revtex/aps4-2.rtx
File: aps4-2 2022/06/05 4.2f (https://journals.aps.org/revtex/ for documentation)
Class revtex4-2 Info: RevTeX society APS selected on input line 40.
)
Class revtex4-2 Info: Selecting journal pra on input line 7671.
Class revtex4-2 Info: APS journal PRA selected on input line 7672.
 (d:/APP/texlive/2024/texmf-dist/tex/latex/revtex/aps10pt4-2.rtx
File: aps10pt4-2 2022/06/05 4.2f (https://journals.aps.org/revtex/ for documentation)
Class revtex4-2 Info: RevTeX pointsize 10pt selected on input line 39.
) (d:/APP/texlive/2024/texmf-dist/tex/latex/textcase/textcase.sty
Package: textcase 2023/07/27 v1.04 Text only upper/lower case changing (DPC)
Package textcase Info: Defining Legacy names on input line 20.
) (d:/APP/texlive/2024/texmf-dist/tex/latex/amsfonts/amssymb.sty
Package: amssymb 2013/01/14 v3.01 AMS font symbols
 (d:/APP/texlive/2024/texmf-dist/tex/latex/amsfonts/amsfonts.sty
Package: amsfonts 2013/01/14 v3.01 Basic AMSFonts support
\@emptytoks=\toks19
\symAMSa=\mathgroup4
\symAMSb=\mathgroup5
LaTeX Font Info:    Redeclaring math symbol \hbar on input line 98.
LaTeX Font Info:    Overwriting math alphabet `\mathfrak' in version `bold'
(Font)                  U/euf/m/n --> U/euf/b/n on input line 106.
)) (d:/APP/texlive/2024/texmf-dist/tex/latex/amsmath/amsmath.sty
Package: amsmath 2023/05/13 v2.17o AMS math features
\@mathmargin=\skip51

For additional information on amsmath, use the `?' option.
(d:/APP/texlive/2024/texmf-dist/tex/latex/amsmath/amstext.sty
Package: amstext 2021/08/26 v2.01 AMS text
 (d:/APP/texlive/2024/texmf-dist/tex/latex/amsmath/amsgen.sty
File: amsgen.sty 1999/11/30 v2.0 generic functions
\@emptytoks=\toks20
\ex@=\dimen140
)
LaTeX Info: Redefining \text on input line 28.
) (d:/APP/texlive/2024/texmf-dist/tex/latex/amsmath/amsbsy.sty
Package: amsbsy 1999/11/29 v1.2d Bold Symbols
\pmbraise@=\dimen141
) (d:/APP/texlive/2024/texmf-dist/tex/latex/amsmath/amsopn.sty
Package: amsopn 2022/04/08 v2.04 operator names
)
\inf@bad=\count199
LaTeX Info: Redefining \frac on input line 234.
\uproot@=\count266
\leftroot@=\count267
LaTeX Info: Redefining \overline on input line 399.
LaTeX Info: Redefining \colon on input line 410.
\classnum@=\count268
\DOTSCASE@=\count269
LaTeX Info: Redefining \ldots on input line 496.
LaTeX Info: Redefining \dots on input line 499.
LaTeX Info: Redefining \cdots on input line 620.
\Mathstrutbox@=\box66
\strutbox@=\box67
LaTeX Info: Redefining \big on input line 722.
LaTeX Info: Redefining \Big on input line 723.
LaTeX Info: Redefining \bigg on input line 724.
LaTeX Info: Redefining \Bigg on input line 725.
\big@size=\dimen142
LaTeX Font Info:    Redeclaring font encoding OML on input line 743.
LaTeX Font Info:    Redeclaring font encoding OMS on input line 744.
\macc@depth=\count270
LaTeX Info: Redefining \bmod on input line 905.
LaTeX Info: Redefining \pmod on input line 910.
LaTeX Info: Redefining \smash on input line 940.
LaTeX Info: Redefining \relbar on input line 970.
LaTeX Info: Redefining \Relbar on input line 971.
\c@MaxMatrixCols=\count271
\dotsspace@=\muskip16
\c@parentequation=\count272
\dspbrk@lvl=\count273
\tag@help=\toks21
\row@=\count274
\column@=\count275
\maxfields@=\count276
\andhelp@=\toks22
\eqnshift@=\dimen143
\alignsep@=\dimen144
\tagshift@=\dimen145
\tagwidth@=\dimen146
\totwidth@=\dimen147
\lineht@=\dimen148
\@envbody=\toks23
\multlinegap=\skip52
\multlinetaggap=\skip53
\mathdisplay@stack=\toks24
LaTeX Info: Redefining \[ on input line 2953.
LaTeX Info: Redefining \] on input line 2954.
) (d:/APP/texlive/2024/texmf-dist/tex/latex/url/url.sty
\Urlmuskip=\muskip17
Package: url 2013/09/16  ver 3.4  Verb mode for urls, etc.
) (d:/APP/texlive/2024/texmf-dist/tex/latex/natbib/natbib.sty
Package: natbib 2010/09/13 8.31b (PWD, AO)
\bibhang=\skip54
\bibsep=\skip55
LaTeX Info: Redefining \cite on input line 694.
\c@NAT@ctr=\count277
)
Class revtex4-2 Info: Repairing natbib's \BibitemShut on input line 7676.
 (d:/APP/texlive/2024/texmf-dist/tex/latex/revtex/revsymb4-2.sty
Package: revsymb4-2 2022/06/05 4.2f (https://journals.aps.org/revtex/ for documentation)
LaTeX Info: Redefining \frak on input line 104.
LaTeX Info: Redefining \Bbb on input line 120.
LaTeX Info: Redefining \REV@mathfrak on input line 128.
)) (d:/APP/texlive/2024/texmf-dist/tex/latex/subfigure/subfigure.sty
Package: subfigure 2002/03/15 v2.1.5 subfigure package
\subfigtopskip=\skip56
\subfigcapskip=\skip57
\subfigcaptopadj=\dimen149
\subfigbottomskip=\skip58
\subfigcapmargin=\dimen150
\subfiglabelskip=\skip59
\c@subfigure=\count278
\c@lofdepth=\count279
\c@subtable=\count280
\c@lotdepth=\count281

****************************************
* Local config file subfigure.cfg used *
****************************************
(d:/APP/texlive/2024/texmf-dist/tex/latex/subfigure/subfigure.cfg)
\subfig@top=\skip60
\subfig@bottom=\skip61
) (d:/APP/texlive/2024/texmf-dist/tex/latex/jknapltx/mathrsfs.sty
Package: mathrsfs 1996/01/01 Math RSFS package v1.0 (jk)
\symrsfs=\mathgroup6
) (d:/APP/texlive/2024/texmf-dist/tex/latex/base/fontenc.sty
Package: fontenc 2021/04/29 v2.0v Standard LaTeX package
LaTeX Font Info:    Trying to load font information for T1+lmr on input line 112.
 (d:/APP/texlive/2024/texmf-dist/tex/latex/lm/t1lmr.fd
File: t1lmr.fd 2015/05/01 v1.6.1 Font defs for Latin Modern
)) (d:/APP/texlive/2024/texmf-dist/tex/latex/graphics/graphicx.sty
Package: graphicx 2021/09/16 v1.2d Enhanced LaTeX Graphics (DPC,SPQR)
 (d:/APP/texlive/2024/texmf-dist/tex/latex/graphics/keyval.sty
Package: keyval 2022/05/29 v1.15 key=value parser (DPC)
\KV@toks@=\toks25
) (d:/APP/texlive/2024/texmf-dist/tex/latex/graphics/graphics.sty
Package: graphics 2022/03/10 v1.4e Standard LaTeX Graphics (DPC,SPQR)
 (d:/APP/texlive/2024/texmf-dist/tex/latex/graphics/trig.sty
Package: trig 2021/08/11 v1.11 sin cos tan (DPC)
) (d:/APP/texlive/2024/texmf-dist/tex/latex/graphics-cfg/graphics.cfg
File: graphics.cfg 2016/06/04 v1.11 sample graphics configuration
)
Package graphics Info: Driver file: xetex.def on input line 107.
 (d:/APP/texlive/2024/texmf-dist/tex/latex/graphics-def/xetex.def
File: xetex.def 2022/09/22 v5.0n Graphics/color driver for xetex
))
\Gin@req@height=\dimen151
\Gin@req@width=\dimen152
) (d:/APP/texlive/2024/texmf-dist/tex/latex/tools/dcolumn.sty
Package: dcolumn 2023/07/08 v1.06 decimal alignment package (DPC)
 (d:/APP/texlive/2024/texmf-dist/tex/latex/tools/array.sty
Package: array 2023/10/16 v2.5g Tabular extension package (FMi)
\col@sep=\dimen153
\ar@mcellbox=\box68
\extrarowheight=\dimen154
\NC@list=\toks26
\extratabsurround=\skip62
\backup@length=\skip63
\ar@cellbox=\box69
)) (d:/APP/texlive/2024/texmf-dist/tex/latex/tools/bm.sty
Package: bm 2023/07/08 v1.2f Bold Symbol Support (DPC/FMi)
\symboldoperators=\mathgroup7
\symboldletters=\mathgroup8
\symboldsymbols=\mathgroup9
Package bm Info: No bold for \OMX/cmex/m/n, using \pmb.
Package bm Info: No bold for \U/msa/m/n, using \pmb.
Package bm Info: No bold for \U/msb/m/n, using \pmb.
Package bm Info: No bold for \U/rsfs/m/n, using \pmb.
LaTeX Font Info:    Redeclaring math alphabet \mathbf on input line 149.
LaTeX Info: Redefining \bm on input line 219.
) (d:/APP/texlive/2024/texmf-dist/tex/latex/graphics/color.sty
Package: color 2022/01/06 v1.3d Standard LaTeX Color (DPC)
 (d:/APP/texlive/2024/texmf-dist/tex/latex/graphics-cfg/color.cfg
File: color.cfg 2016/01/02 v1.6 sample color configuration
)
Package color Info: Driver file: xetex.def on input line 149.
 (d:/APP/texlive/2024/texmf-dist/tex/latex/graphics/mathcolor.ltx)) (d:/APP/texlive/2024/texmf-dist/tex/latex/psnfss/times.sty
Package: times 2020/03/25 PSNFSS-v9.3 (SPQR) 
) (d:/APP/texlive/2024/texmf-dist/tex/latex/physics/physics.sty
Package: physics 
 (d:/APP/texlive/2024/texmf-dist/tex/latex/l3packages/xparse/xparse.sty (d:/APP/texlive/2024/texmf-dist/tex/latex/l3kernel/expl3.sty
Package: expl3 2024-02-20 L3 programming layer (loader) 
 (d:/APP/texlive/2024/texmf-dist/tex/latex/l3backend/l3backend-xetex.def
File: l3backend-xetex.def 2024-02-20 L3 backend support: XeTeX
\g__graphics_track_int=\count282
\l__pdf_internal_box=\box70
\g__pdf_backend_object_int=\count283
\g__pdf_backend_annotation_int=\count284
\g__pdf_backend_link_int=\count285
))
Package: xparse 2024-02-18 L3 Experimental document command parser
)) (d:/APP/texlive/2024/texmf-dist/tex/latex/hyperref/hyperref.sty
Package: hyperref 2024-01-20 v7.01h Hypertext links for LaTeX
 (d:/APP/texlive/2024/texmf-dist/tex/generic/iftex/iftex.sty
Package: iftex 2022/02/03 v1.0f TeX engine tests
) (d:/APP/texlive/2024/texmf-dist/tex/latex/kvsetkeys/kvsetkeys.sty
Package: kvsetkeys 2022-10-05 v1.19 Key value parser (HO)
) (d:/APP/texlive/2024/texmf-dist/tex/generic/kvdefinekeys/kvdefinekeys.sty
Package: kvdefinekeys 2019-12-19 v1.6 Define keys (HO)
) (d:/APP/texlive/2024/texmf-dist/tex/generic/pdfescape/pdfescape.sty
Package: pdfescape 2019/12/09 v1.15 Implements pdfTeX's escape features (HO)
 (d:/APP/texlive/2024/texmf-dist/tex/generic/ltxcmds/ltxcmds.sty
Package: ltxcmds 2023-12-04 v1.26 LaTeX kernel commands for general use (HO)
) (d:/APP/texlive/2024/texmf-dist/tex/generic/pdftexcmds/pdftexcmds.sty
Package: pdftexcmds 2020-06-27 v0.33 Utility functions of pdfTeX for LuaTeX (HO)
 (d:/APP/texlive/2024/texmf-dist/tex/generic/infwarerr/infwarerr.sty
Package: infwarerr 2019/12/03 v1.5 Providing info/warning/error messages (HO)
)
Package pdftexcmds Info: \pdf@primitive is available.
Package pdftexcmds Info: \pdf@ifprimitive is available.
Package pdftexcmds Info: \pdfdraftmode not found.
)) (d:/APP/texlive/2024/texmf-dist/tex/latex/hycolor/hycolor.sty
Package: hycolor 2020-01-27 v1.10 Color options for hyperref/bookmark (HO)
) (d:/APP/texlive/2024/texmf-dist/tex/latex/auxhook/auxhook.sty
Package: auxhook 2019-12-17 v1.6 Hooks for auxiliary files (HO)
) (d:/APP/texlive/2024/texmf-dist/tex/latex/hyperref/nameref.sty
Package: nameref 2023-11-26 v2.56 Cross-referencing by name of section
 (d:/APP/texlive/2024/texmf-dist/tex/latex/refcount/refcount.sty
Package: refcount 2019/12/15 v3.6 Data extraction from label references (HO)
) (d:/APP/texlive/2024/texmf-dist/tex/generic/gettitlestring/gettitlestring.sty
Package: gettitlestring 2019/12/15 v1.6 Cleanup title references (HO)
 (d:/APP/texlive/2024/texmf-dist/tex/latex/kvoptions/kvoptions.sty
Package: kvoptions 2022-06-15 v3.15 Key value format for package options (HO)
))

Package nameref Warning: The definition of \label has changed! 
(nameref)                Check your packages! 
(nameref)                Replacing it with the kernel definition on input line 149.

\c@section@level=\count286
) (d:/APP/texlive/2024/texmf-dist/tex/latex/etoolbox/etoolbox.sty
Package: etoolbox 2020/10/05 v2.5k e-TeX tools for LaTeX (JAW)
\etb@tempcnta=\count287
)
\@linkdim=\dimen155
\Hy@linkcounter=\count288
\Hy@pagecounter=\count289
 (d:/APP/texlive/2024/texmf-dist/tex/latex/hyperref/pd1enc.def
File: pd1enc.def 2024-01-20 v7.01h Hyperref: PDFDocEncoding definition (HO)
) (d:/APP/texlive/2024/texmf-dist/tex/generic/intcalc/intcalc.sty
Package: intcalc 2019/12/15 v1.3 Expandable calculations with integers (HO)
)
\Hy@SavedSpaceFactor=\count290
 (d:/APP/texlive/2024/texmf-dist/tex/latex/hyperref/puenc.def
File: puenc.def 2024-01-20 v7.01h Hyperref: PDF Unicode definition (HO)
)
Package hyperref Info: Option `colorlinks' set `true' on input line 4062.
Package hyperref Info: Hyper figures OFF on input line 4179.
Package hyperref Info: Link nesting OFF on input line 4184.
Package hyperref Info: Hyper index ON on input line 4187.
Package hyperref Info: Plain pages OFF on input line 4194.
Package hyperref Info: Backreferencing OFF on input line 4199.
Package hyperref Info: Implicit mode ON; LaTeX internals redefined.
Package hyperref Info: Bookmarks ON on input line 4446.
LaTeX Info: Redefining \href on input line 4695.
\c@Hy@tempcnt=\count291
LaTeX Info: Redefining \url on input line 4784.
\XeTeXLinkMargin=\dimen156
 (d:/APP/texlive/2024/texmf-dist/tex/generic/bitset/bitset.sty
Package: bitset 2019/12/09 v1.3 Handle bit-vector datatype (HO)
 (d:/APP/texlive/2024/texmf-dist/tex/generic/bigintcalc/bigintcalc.sty
Package: bigintcalc 2019/12/15 v1.5 Expandable calculations on big integers (HO)
))
\Fld@menulength=\count292
\Field@Width=\dimen157
\Fld@charsize=\dimen158
Package hyperref Info: Hyper figures OFF on input line 6063.
Package hyperref Info: Link nesting OFF on input line 6068.
Package hyperref Info: Hyper index ON on input line 6071.
Package hyperref Info: backreferencing OFF on input line 6078.
Package hyperref Info: Link coloring ON on input line 6081.
Package hyperref Info: Link coloring with OCG OFF on input line 6088.
Package hyperref Info: PDF/A mode OFF on input line 6093.
 (d:/APP/texlive/2024/texmf-dist/tex/latex/base/atbegshi-ltx.sty
Package: atbegshi-ltx 2021/01/10 v1.0c Emulation of the original atbegshi
package with kernel methods
)
\Hy@abspage=\count293
\c@Item=\count294
\c@Hfootnote=\count295
)
Package hyperref Info: Driver (autodetected): hxetex.
 (d:/APP/texlive/2024/texmf-dist/tex/latex/hyperref/hxetex.def
File: hxetex.def 2024-01-20 v7.01h Hyperref driver for XeTeX
 (d:/APP/texlive/2024/texmf-dist/tex/generic/stringenc/stringenc.sty
Package: stringenc 2019/11/29 v1.12 Convert strings between diff. encodings (HO)
)
\pdfm@box=\box71
\c@Hy@AnnotLevel=\count296
\HyField@AnnotCount=\count297
\Fld@listcount=\count298
\c@bookmark@seq@number=\count299
 (d:/APP/texlive/2024/texmf-dist/tex/latex/rerunfilecheck/rerunfilecheck.sty
Package: rerunfilecheck 2022-07-10 v1.10 Rerun checks for auxiliary files (HO)
 (d:/APP/texlive/2024/texmf-dist/tex/latex/base/atveryend-ltx.sty
Package: atveryend-ltx 2020/08/19 v1.0a Emulation of the original atveryend package
with kernel methods
) (d:/APP/texlive/2024/texmf-dist/tex/generic/uniquecounter/uniquecounter.sty
Package: uniquecounter 2019/12/15 v1.4 Provide unlimited unique counter (HO)
)
Package uniquecounter Info: New unique counter `rerunfilecheck' on input line 285.
)
\Hy@SectionHShift=\skip64
) (d:/APP/texlive/2024/texmf-dist/tex/latex/siunitx/siunitx.sty
Package: siunitx 2024-02-15 v3.3.12 A comprehensive (SI) units package
\l__siunitx_number_uncert_offset_int=\count300
\l__siunitx_number_exponent_fixed_int=\count301
\l__siunitx_number_min_decimal_int=\count302
\l__siunitx_number_min_integer_int=\count303
\l__siunitx_number_round_precision_int=\count304
\l__siunitx_number_lower_threshold_int=\count305
\l__siunitx_number_upper_threshold_int=\count306
\l__siunitx_number_group_first_int=\count307
\l__siunitx_number_group_size_int=\count308
\l__siunitx_number_group_minimum_int=\count309
\l__siunitx_angle_tmp_dim=\dimen159
\l__siunitx_angle_marker_box=\box72
\l__siunitx_angle_unit_box=\box73
\l__siunitx_compound_count_int=\count310
 (d:/APP/texlive/2024/texmf-dist/tex/latex/translations/translations.sty
Package: translations 2022/02/05 v1.12 internationalization of LaTeX2e packages (CN)
)
\l__siunitx_table_tmp_box=\box74
\l__siunitx_table_tmp_dim=\dimen160
\l__siunitx_table_column_width_dim=\dimen161
\l__siunitx_table_integer_box=\box75
\l__siunitx_table_decimal_box=\box76
\l__siunitx_table_uncert_box=\box77
\l__siunitx_table_before_box=\box78
\l__siunitx_table_after_box=\box79
\l__siunitx_table_before_dim=\dimen162
\l__siunitx_table_carry_dim=\dimen163
\l__siunitx_unit_tmp_int=\count311
\l__siunitx_unit_position_int=\count312
\l__siunitx_unit_total_int=\count313
) (d:/APP/texlive/2024/texmf-dist/tex/latex/overpic/overpic.sty
Package: overpic 2024/01/06 2.1 picture overlays (RN)
 (d:/APP/texlive/2024/texmf-dist/tex/latex/eepic/epic.sty
Enhancements to Picture Environment. Version 1.2 - Released June 1, 1986
\@@multicnt=\count314
\d@lta=\count315
\@delta=\dimen164
\@@delta=\dimen165
\@gridcnt=\count316
\@joinkind=\count317
\@dotgap=\dimen166
\@ddotgap=\dimen167
\@x@diff=\count318
\@y@diff=\count319
\x@diff=\dimen168
\y@diff=\dimen169
\@dotbox=\box80
\num@segments=\count320
\num@segmentsi=\count321
\@datafile=\read2
)
\OVP@box=\box81
) (d:/APP/texlive/2024/texmf-dist/tex/latex/braket/braket.sty) (d:/APP/texlive/2024/texmf-dist/tex/latex/changes/changes.sty
Package: changes 2021/07/15 v4.2.1 changes package

*** changes package 2021/07/15 v4.2.1 ***
(d:/APP/texlive/2024/texmf-dist/tex/latex/xkeyval/xkeyval.sty
Package: xkeyval 2022/06/16 v2.9 package option processing (HA)
 (d:/APP/texlive/2024/texmf-dist/tex/generic/xkeyval/xkeyval.tex (d:/APP/texlive/2024/texmf-dist/tex/generic/xkeyval/xkvutils.tex
\XKV@toks=\toks27
\XKV@tempa@toks=\toks28
)
\XKV@depth=\count322
File: xkeyval.tex 2014/12/03 v2.7a key=value parser (HA)
)) (d:/APP/texlive/2024/texmf-dist/tex/generic/xstring/xstring.sty (d:/APP/texlive/2024/texmf-dist/tex/generic/xstring/xstring.tex
\xs_counta=\count323
\xs_countb=\count324
)
Package: xstring 2023/08/22 v1.86 String manipulations (CT)
)
ulem-option 'normalem,normalbf', passed to package ulem
truncate-option 'breakall,fit', passed to package truncate
(d:/APP/texlive/2024/texmf-dist/tex/latex/xcolor/xcolor.sty
Package: xcolor 2023/11/15 v3.01 LaTeX color extensions (UK)
 (d:/APP/texlive/2024/texmf-dist/tex/latex/graphics-cfg/color.cfg
File: color.cfg 2016/01/02 v1.6 sample color configuration
)
Package xcolor Info: Driver file: xetex.def on input line 274.
LaTeX Info: Redefining \color on input line 758.
 (d:/APP/texlive/2024/texmf-dist/tex/latex/graphics/mathcolor.ltx)
Package xcolor Info: Model `cmy' substituted by `cmy0' on input line 1350.
Package xcolor Info: Model `RGB' extended on input line 1366.
Package xcolor Info: Model `HTML' substituted by `rgb' on input line 1368.
Package xcolor Info: Model `Hsb' substituted by `hsb' on input line 1369.
Package xcolor Info: Model `tHsb' substituted by `hsb' on input line 1370.
Package xcolor Info: Model `HSB' substituted by `hsb' on input line 1371.
Package xcolor Info: Model `Gray' substituted by `gray' on input line 1372.
Package xcolor Info: Model `wave' substituted by `hsb' on input line 1373.
) (d:/APP/texlive/2024/texmf-dist/tex/generic/ulem/ulem.sty
\UL@box=\box82
\UL@hyphenbox=\box83
\UL@skip=\skip65
\UL@hook=\toks29
\UL@height=\dimen170
\UL@pe=\count325
\UL@pixel=\dimen171
\ULC@box=\box84
Package: ulem 2019/11/18
\ULdepth=\dimen172
) (d:/APP/texlive/2024/texmf-dist/tex/latex/todonotes/todonotes.sty
Package: todonotes 2024/01/05 v1.1.7 Todonotes source and documentation.
Package: todonotes 2024/01/05
 (d:/APP/texlive/2024/texmf-dist/tex/latex/base/ifthen.sty
Package: ifthen 2022/04/13 v1.1d Standard LaTeX ifthen package (DPC)
) (d:/APP/texlive/2024/texmf-dist/tex/latex/pgf/frontendlayer/tikz.sty (d:/APP/texlive/2024/texmf-dist/tex/latex/pgf/basiclayer/pgf.sty (d:/APP/texlive/2024/texmf-dist/tex/latex/pgf/utilities/pgfrcs.sty (d:/APP/texlive/2024/texmf-dist/tex/generic/pgf/utilities/pgfutil-common.tex
\pgfutil@everybye=\toks30
\pgfutil@tempdima=\dimen173
\pgfutil@tempdimb=\dimen174
) (d:/APP/texlive/2024/texmf-dist/tex/generic/pgf/utilities/pgfutil-latex.def
\pgfutil@abb=\box85
) (d:/APP/texlive/2024/texmf-dist/tex/generic/pgf/utilities/pgfrcs.code.tex (d:/APP/texlive/2024/texmf-dist/tex/generic/pgf/pgf.revision.tex)
Package: pgfrcs 2023-01-15 v3.1.10 (3.1.10)
))
Package: pgf 2023-01-15 v3.1.10 (3.1.10)
 (d:/APP/texlive/2024/texmf-dist/tex/latex/pgf/basiclayer/pgfcore.sty (d:/APP/texlive/2024/texmf-dist/tex/latex/pgf/systemlayer/pgfsys.sty (d:/APP/texlive/2024/texmf-dist/tex/generic/pgf/systemlayer/pgfsys.code.tex
Package: pgfsys 2023-01-15 v3.1.10 (3.1.10)
 (d:/APP/texlive/2024/texmf-dist/tex/generic/pgf/utilities/pgfkeys.code.tex
\pgfkeys@pathtoks=\toks31
\pgfkeys@temptoks=\toks32
 (d:/APP/texlive/2024/texmf-dist/tex/generic/pgf/utilities/pgfkeyslibraryfiltered.code.tex
\pgfkeys@tmptoks=\toks33
))
\pgf@x=\dimen175
\pgf@y=\dimen176
\pgf@xa=\dimen177
\pgf@ya=\dimen178
\pgf@xb=\dimen179
\pgf@yb=\dimen180
\pgf@xc=\dimen181
\pgf@yc=\dimen182
\pgf@xd=\dimen183
\pgf@yd=\dimen184
\w@pgf@writea=\write4
\r@pgf@reada=\read3
\c@pgf@counta=\count326
\c@pgf@countb=\count327
\c@pgf@countc=\count328
\c@pgf@countd=\count329
\t@pgf@toka=\toks34
\t@pgf@tokb=\toks35
\t@pgf@tokc=\toks36
\pgf@sys@id@count=\count330
 (d:/APP/texlive/2024/texmf-dist/tex/generic/pgf/systemlayer/pgf.cfg
File: pgf.cfg 2023-01-15 v3.1.10 (3.1.10)
)
Driver file for pgf: pgfsys-xetex.def
 (d:/APP/texlive/2024/texmf-dist/tex/generic/pgf/systemlayer/pgfsys-xetex.def
File: pgfsys-xetex.def 2023-01-15 v3.1.10 (3.1.10)
 (d:/APP/texlive/2024/texmf-dist/tex/generic/pgf/systemlayer/pgfsys-dvipdfmx.def
File: pgfsys-dvipdfmx.def 2023-01-15 v3.1.10 (3.1.10)
 (d:/APP/texlive/2024/texmf-dist/tex/generic/pgf/systemlayer/pgfsys-common-pdf.def
File: pgfsys-common-pdf.def 2023-01-15 v3.1.10 (3.1.10)
)
\pgfsys@objnum=\count331
))) (d:/APP/texlive/2024/texmf-dist/tex/generic/pgf/systemlayer/pgfsyssoftpath.code.tex
File: pgfsyssoftpath.code.tex 2023-01-15 v3.1.10 (3.1.10)
\pgfsyssoftpath@smallbuffer@items=\count332
\pgfsyssoftpath@bigbuffer@items=\count333
) (d:/APP/texlive/2024/texmf-dist/tex/generic/pgf/systemlayer/pgfsysprotocol.code.tex
File: pgfsysprotocol.code.tex 2023-01-15 v3.1.10 (3.1.10)
)) (d:/APP/texlive/2024/texmf-dist/tex/generic/pgf/basiclayer/pgfcore.code.tex
Package: pgfcore 2023-01-15 v3.1.10 (3.1.10)
 (d:/APP/texlive/2024/texmf-dist/tex/generic/pgf/math/pgfmath.code.tex (d:/APP/texlive/2024/texmf-dist/tex/generic/pgf/math/pgfmathutil.code.tex) (d:/APP/texlive/2024/texmf-dist/tex/generic/pgf/math/pgfmathparser.code.tex
\pgfmath@dimen=\dimen185
\pgfmath@count=\count334
\pgfmath@box=\box86
\pgfmath@toks=\toks37
\pgfmath@stack@operand=\toks38
\pgfmath@stack@operation=\toks39
) (d:/APP/texlive/2024/texmf-dist/tex/generic/pgf/math/pgfmathfunctions.code.tex) (d:/APP/texlive/2024/texmf-dist/tex/generic/pgf/math/pgfmathfunctions.basic.code.tex) (d:/APP/texlive/2024/texmf-dist/tex/generic/pgf/math/pgfmathfunctions.trigonometric.code.tex) (d:/APP/texlive/2024/texmf-dist/tex/generic/pgf/math/pgfmathfunctions.random.code.tex) (d:/APP/texlive/2024/texmf-dist/tex/generic/pgf/math/pgfmathfunctions.comparison.code.tex) (d:/APP/texlive/2024/texmf-dist/tex/generic/pgf/math/pgfmathfunctions.base.code.tex) (d:/APP/texlive/2024/texmf-dist/tex/generic/pgf/math/pgfmathfunctions.round.code.tex) (d:/APP/texlive/2024/texmf-dist/tex/generic/pgf/math/pgfmathfunctions.misc.code.tex) (d:/APP/texlive/2024/texmf-dist/tex/generic/pgf/math/pgfmathfunctions.integerarithmetics.code.tex) (d:/APP/texlive/2024/texmf-dist/tex/generic/pgf/math/pgfmathcalc.code.tex) (d:/APP/texlive/2024/texmf-dist/tex/generic/pgf/math/pgfmathfloat.code.tex
\c@pgfmathroundto@lastzeros=\count335
)) (d:/APP/texlive/2024/texmf-dist/tex/generic/pgf/math/pgfint.code.tex) (d:/APP/texlive/2024/texmf-dist/tex/generic/pgf/basiclayer/pgfcorepoints.code.tex
File: pgfcorepoints.code.tex 2023-01-15 v3.1.10 (3.1.10)
\pgf@picminx=\dimen186
\pgf@picmaxx=\dimen187
\pgf@picminy=\dimen188
\pgf@picmaxy=\dimen189
\pgf@pathminx=\dimen190
\pgf@pathmaxx=\dimen191
\pgf@pathminy=\dimen192
\pgf@pathmaxy=\dimen193
\pgf@xx=\dimen194
\pgf@xy=\dimen195
\pgf@yx=\dimen196
\pgf@yy=\dimen197
\pgf@zx=\dimen198
\pgf@zy=\dimen199
) (d:/APP/texlive/2024/texmf-dist/tex/generic/pgf/basiclayer/pgfcorepathconstruct.code.tex
File: pgfcorepathconstruct.code.tex 2023-01-15 v3.1.10 (3.1.10)
\pgf@path@lastx=\dimen256
\pgf@path@lasty=\dimen257
) (d:/APP/texlive/2024/texmf-dist/tex/generic/pgf/basiclayer/pgfcorepathusage.code.tex
File: pgfcorepathusage.code.tex 2023-01-15 v3.1.10 (3.1.10)
\pgf@shorten@end@additional=\dimen258
\pgf@shorten@start@additional=\dimen259
) (d:/APP/texlive/2024/texmf-dist/tex/generic/pgf/basiclayer/pgfcorescopes.code.tex
File: pgfcorescopes.code.tex 2023-01-15 v3.1.10 (3.1.10)
\pgfpic=\box87
\pgf@hbox=\box88
\pgf@layerbox@main=\box89
\pgf@picture@serial@count=\count336
) (d:/APP/texlive/2024/texmf-dist/tex/generic/pgf/basiclayer/pgfcoregraphicstate.code.tex
File: pgfcoregraphicstate.code.tex 2023-01-15 v3.1.10 (3.1.10)
\pgflinewidth=\dimen260
) (d:/APP/texlive/2024/texmf-dist/tex/generic/pgf/basiclayer/pgfcoretransformations.code.tex
File: pgfcoretransformations.code.tex 2023-01-15 v3.1.10 (3.1.10)
\pgf@pt@x=\dimen261
\pgf@pt@y=\dimen262
\pgf@pt@temp=\dimen263
) (d:/APP/texlive/2024/texmf-dist/tex/generic/pgf/basiclayer/pgfcorequick.code.tex
File: pgfcorequick.code.tex 2023-01-15 v3.1.10 (3.1.10)
) (d:/APP/texlive/2024/texmf-dist/tex/generic/pgf/basiclayer/pgfcoreobjects.code.tex
File: pgfcoreobjects.code.tex 2023-01-15 v3.1.10 (3.1.10)
) (d:/APP/texlive/2024/texmf-dist/tex/generic/pgf/basiclayer/pgfcorepathprocessing.code.tex
File: pgfcorepathprocessing.code.tex 2023-01-15 v3.1.10 (3.1.10)
) (d:/APP/texlive/2024/texmf-dist/tex/generic/pgf/basiclayer/pgfcorearrows.code.tex
File: pgfcorearrows.code.tex 2023-01-15 v3.1.10 (3.1.10)
\pgfarrowsep=\dimen264
) (d:/APP/texlive/2024/texmf-dist/tex/generic/pgf/basiclayer/pgfcoreshade.code.tex
File: pgfcoreshade.code.tex 2023-01-15 v3.1.10 (3.1.10)
\pgf@max=\dimen265
\pgf@sys@shading@range@num=\count337
\pgf@shadingcount=\count338
) (d:/APP/texlive/2024/texmf-dist/tex/generic/pgf/basiclayer/pgfcoreimage.code.tex
File: pgfcoreimage.code.tex 2023-01-15 v3.1.10 (3.1.10)
) (d:/APP/texlive/2024/texmf-dist/tex/generic/pgf/basiclayer/pgfcoreexternal.code.tex
File: pgfcoreexternal.code.tex 2023-01-15 v3.1.10 (3.1.10)
\pgfexternal@startupbox=\box90
) (d:/APP/texlive/2024/texmf-dist/tex/generic/pgf/basiclayer/pgfcorelayers.code.tex
File: pgfcorelayers.code.tex 2023-01-15 v3.1.10 (3.1.10)
) (d:/APP/texlive/2024/texmf-dist/tex/generic/pgf/basiclayer/pgfcoretransparency.code.tex
File: pgfcoretransparency.code.tex 2023-01-15 v3.1.10 (3.1.10)
) (d:/APP/texlive/2024/texmf-dist/tex/generic/pgf/basiclayer/pgfcorepatterns.code.tex
File: pgfcorepatterns.code.tex 2023-01-15 v3.1.10 (3.1.10)
) (d:/APP/texlive/2024/texmf-dist/tex/generic/pgf/basiclayer/pgfcorerdf.code.tex
File: pgfcorerdf.code.tex 2023-01-15 v3.1.10 (3.1.10)
))) (d:/APP/texlive/2024/texmf-dist/tex/generic/pgf/modules/pgfmoduleshapes.code.tex
File: pgfmoduleshapes.code.tex 2023-01-15 v3.1.10 (3.1.10)
\pgfnodeparttextbox=\box91
) (d:/APP/texlive/2024/texmf-dist/tex/generic/pgf/modules/pgfmoduleplot.code.tex
File: pgfmoduleplot.code.tex 2023-01-15 v3.1.10 (3.1.10)
) (d:/APP/texlive/2024/texmf-dist/tex/latex/pgf/compatibility/pgfcomp-version-0-65.sty
Package: pgfcomp-version-0-65 2023-01-15 v3.1.10 (3.1.10)
\pgf@nodesepstart=\dimen266
\pgf@nodesepend=\dimen267
) (d:/APP/texlive/2024/texmf-dist/tex/latex/pgf/compatibility/pgfcomp-version-1-18.sty
Package: pgfcomp-version-1-18 2023-01-15 v3.1.10 (3.1.10)
)) (d:/APP/texlive/2024/texmf-dist/tex/latex/pgf/utilities/pgffor.sty (d:/APP/texlive/2024/texmf-dist/tex/latex/pgf/utilities/pgfkeys.sty (d:/APP/texlive/2024/texmf-dist/tex/generic/pgf/utilities/pgfkeys.code.tex)) (d:/APP/texlive/2024/texmf-dist/tex/latex/pgf/math/pgfmath.sty (d:/APP/texlive/2024/texmf-dist/tex/generic/pgf/math/pgfmath.code.tex)) (d:/APP/texlive/2024/texmf-dist/tex/generic/pgf/utilities/pgffor.code.tex
Package: pgffor 2023-01-15 v3.1.10 (3.1.10)
\pgffor@iter=\dimen268
\pgffor@skip=\dimen269
\pgffor@stack=\toks40
\pgffor@toks=\toks41
)) (d:/APP/texlive/2024/texmf-dist/tex/generic/pgf/frontendlayer/tikz/tikz.code.tex
Package: tikz 2023-01-15 v3.1.10 (3.1.10)
 (d:/APP/texlive/2024/texmf-dist/tex/generic/pgf/libraries/pgflibraryplothandlers.code.tex
File: pgflibraryplothandlers.code.tex 2023-01-15 v3.1.10 (3.1.10)
\pgf@plot@mark@count=\count339
\pgfplotmarksize=\dimen270
)
\tikz@lastx=\dimen271
\tikz@lasty=\dimen272
\tikz@lastxsaved=\dimen273
\tikz@lastysaved=\dimen274
\tikz@lastmovetox=\dimen275
\tikz@lastmovetoy=\dimen276
\tikzleveldistance=\dimen277
\tikzsiblingdistance=\dimen278
\tikz@figbox=\box92
\tikz@figbox@bg=\box93
\tikz@tempbox=\box94
\tikz@tempbox@bg=\box95
\tikztreelevel=\count340
\tikznumberofchildren=\count341
\tikznumberofcurrentchild=\count342
\tikz@fig@count=\count343
 (d:/APP/texlive/2024/texmf-dist/tex/generic/pgf/modules/pgfmodulematrix.code.tex
File: pgfmodulematrix.code.tex 2023-01-15 v3.1.10 (3.1.10)
\pgfmatrixcurrentrow=\count344
\pgfmatrixcurrentcolumn=\count345
\pgf@matrix@numberofcolumns=\count346
)
\tikz@expandcount=\count347
 (d:/APP/texlive/2024/texmf-dist/tex/generic/pgf/frontendlayer/tikz/libraries/tikzlibrarytopaths.code.tex
File: tikzlibrarytopaths.code.tex 2023-01-15 v3.1.10 (3.1.10)
))) (d:/APP/texlive/2024/texmf-dist/tex/generic/pgf/frontendlayer/tikz/libraries/tikzlibrarypositioning.code.tex
File: tikzlibrarypositioning.code.tex 2023-01-15 v3.1.10 (3.1.10)
) (d:/APP/texlive/2024/texmf-dist/tex/latex/tools/calc.sty
Package: calc 2023/07/08 v4.3 Infix arithmetic (KKT,FJ)
\calc@Acount=\count348
\calc@Bcount=\count349
\calc@Adimen=\dimen279
\calc@Bdimen=\dimen280
\calc@Askip=\skip66
\calc@Bskip=\skip67
LaTeX Info: Redefining \setlength on input line 80.
LaTeX Info: Redefining \addtolength on input line 81.
\calc@Ccount=\count350
\calc@Cskip=\skip68
)
\c@@todonotes@numberoftodonotes=\count351
)
\c@Changes@AuthorCount=\count352
\c@Changes@Author=\count353
\c@Changes@addedCount=\count354
\c@Changes@deletedCount=\count355
\c@Changes@replacedCount=\count356
\c@Changes@highlightCount=\count357
\c@Changes@commentCount=\count358
\c@authorcommentcount=\count359
 (d:/APP/texlive/2024/texmf-dist/tex/latex/truncate/truncate.sty
Package: truncate 2001/08/20  ver 3.6
\@Trunc@RestHyph=\toks42
)
\Changestruncatewidth=\skip69
\Changes@summary@width=\skip70
) (d:/APP/texlive/2024/texmf-dist/tex/latex/setspace/setspace.sty
Package: setspace 2022/12/04 v6.7b set line spacing
) (d:/APP/texlive/2024/texmf-dist/tex/latex/float/float.sty
Package: float 2001/11/08 v1.3d Float enhancements (AL)
\c@float@type=\count360
\float@exts=\toks43
\float@box=\box96
\@float@everytoks=\toks44
\@floatcapt=\box97
)
Class revtex4-2 Info: Unrecognized array package. Please update this document class! (Proceeding with fingers crossed.) on input line 45.


Class revtex4-2 Warning: Repair the float package.

Class revtex4-2 Info: cite was not loaded (OK!) on input line 45.
Class revtex4-2 Info: mcite was not loaded (OK!) on input line 45.
Class revtex4-2 Info: multicol was not loaded (OK!) on input line 45.
Package translations Info: No language package found. I am going to use `english' as default language. on input line 45.
LaTeX Font Info:    Trying to load font information for T1+ptm on input line 45.
(d:/APP/texlive/2024/texmf-dist/tex/latex/psnfss/t1ptm.fd
File: t1ptm.fd 2001/06/04 font definitions for T1/ptm.
)
No file main.aux.
\openout1 = `main.aux'.

LaTeX Font Info:    Checking defaults for OML/cmm/m/it on input line 45.
LaTeX Font Info:    ... okay on input line 45.
LaTeX Font Info:    Checking defaults for OMS/cmsy/m/n on input line 45.
LaTeX Font Info:    ... okay on input line 45.
LaTeX Font Info:    Checking defaults for OT1/cmr/m/n on input line 45.
LaTeX Font Info:    ... okay on input line 45.
LaTeX Font Info:    Checking defaults for T1/cmr/m/n on input line 45.
LaTeX Font Info:    ... okay on input line 45.
LaTeX Font Info:    Checking defaults for TS1/cmr/m/n on input line 45.
LaTeX Font Info:    Trying to load font information for TS1+cmr on input line 45.
(d:/APP/texlive/2024/texmf-dist/tex/latex/base/ts1cmr.fd
File: ts1cmr.fd 2023/04/13 v2.5m Standard LaTeX font definitions
)
LaTeX Font Info:    ... okay on input line 45.
LaTeX Font Info:    Checking defaults for TU/lmr/m/n on input line 45.
LaTeX Font Info:    ... okay on input line 45.
LaTeX Font Info:    Checking defaults for OMX/cmex/m/n on input line 45.
LaTeX Font Info:    ... okay on input line 45.
LaTeX Font Info:    Checking defaults for U/cmr/m/n on input line 45.
LaTeX Font Info:    ... okay on input line 45.
LaTeX Font Info:    Checking defaults for PD1/pdf/m/n on input line 45.
LaTeX Font Info:    ... okay on input line 45.
LaTeX Font Info:    Checking defaults for PU/pdf/m/n on input line 45.
LaTeX Font Info:    ... okay on input line 45.
Package hyperref Info: Link coloring ON on input line 45.
\@outlinefile=\write5
\openout5 = `main.out'.



Package hyperref Warning: Rerun to get /PageLabels entry.


Package siunitx Warning: Detected the "physics" package:
(siunitx)                omitting definition of \qty.
(siunitx)                
(siunitx)                If you want to use \qty with the siunitx definition,
(siunitx)                add 
(siunitx)                
(siunitx)                    \AtBeginDocument{\RenewCommandCopy\qty\SI}
(siunitx)                
(siunitx)                to your preamble.

(d:/APP/texlive/2024/texmf-dist/tex/latex/translations/translations-basic-dictionary-english.trsl
File: translations-basic-dictionary-english.trsl (english translation file `translations-basic-dictionary')
)
Package translations Info: loading dictionary `translations-basic-dictionary' for `english'. on input line 45.


Package todonotes Warning: The length marginparwidth is less than 2cm and will most likely cause issues with the appearance of inserted todonotes. The issue can be solved by adding a line like \setlength {\marginparwidth }{2cm} prior to loading the todonotes package. on input line 45.

Class revtex4-2 Info: Taking \maketitle back from hyperref on input line 45.
\openout3 = `mainNotes.bib'.

Missing character: There is no — ("2014) in font ptmr8t!
Missing character: There is no — ("2014) in font ptmr8t!
LaTeX Font Info:    Trying to load font information for U+msa on input line 208.
(d:/APP/texlive/2024/texmf-dist/tex/latex/amsfonts/umsa.fd
File: umsa.fd 2013/01/14 v3.01 AMS symbols A
)
LaTeX Font Info:    Trying to load font information for U+msb on input line 208.
 (d:/APP/texlive/2024/texmf-dist/tex/latex/amsfonts/umsb.fd
File: umsb.fd 2013/01/14 v3.01 AMS symbols B
)
LaTeX Font Info:    Trying to load font information for U+rsfs on input line 208.
 (d:/APP/texlive/2024/texmf-dist/tex/latex/jknapltx/ursfs.fd
File: ursfs.fd 1998/03/24 rsfs font definition file (jk)
)
Missing character: There is no ’ ("2019) in font ptmri8t!

Package natbib Warning: Citation `Mpemba_effect' on page 1 undefined on input line 210.


Package natbib Warning: Citation `1995_Auerbach' on page 1 undefined on input line 210.


Package natbib Warning: Citation `2006_ME' on page 1 undefined on input line 210.


Package natbib Warning: Citation `Burridge2016' on page 1 undefined on input line 210.


Package natbib Warning: Citation `2020_Burridge' on page 1 undefined on input line 210.


Package natbib Warning: Citation `2017_PNAS_mark' on page 1 undefined on input line 211.


Package natbib Warning: Citation `2017_prl_Granular_Fluids' on page 1 undefined on input line 211.


Package natbib Warning: Citation `ME_index_prx' on page 1 undefined on input line 211.


Package natbib Warning: Citation `Nature2020_colloidal' on page 1 undefined on input line 211.


Package natbib Warning: Citation `2022_prl_Colloids' on page 1 undefined on input line 211.


Package natbib Warning: Citation `2024_PRL' on page 1 undefined on input line 211.


Package natbib Warning: Citation `Thermomajorization_ME' on page 1 undefined on input line 211.


Package natbib Warning: Citation `ME_review_classical' on page 1 undefined on input line 211.


Package natbib Warning: Citation `QNQS_prl' on page 1 undefined on input line 211.


Package natbib Warning: Citation `Batteries_QME_2025' on page 1 undefined on input line 211.


Package natbib Warning: Citation `IQME_2025' on page 1 undefined on input line 211.


Package natbib Warning: Citation `dissipative_dynamics_all_connect' on page 1 undefined on input line 211.


Package natbib Warning: Citation `eigenvalue_crossing' on page 1 undefined on input line 211.


Package natbib Warning: Citation `NOQS_prr' on page 1 undefined on input line 211.


Package natbib Warning: Citation `heat_engines_PRA' on page 1 undefined on input line 211.


Package natbib Warning: Citation `open_mark_dot_PRB' on page 1 undefined on input line 211.


Package natbib Warning: Citation `PhysRevE_2023_markov' on page 1 undefined on input line 211.


Package natbib Warning: Citation `2024_OL' on page 1 undefined on input line 211.


Package natbib Warning: Citation `light_ME' on page 1 undefined on input line 211.


Package natbib Warning: Citation `dots_jpcm' on page 1 undefined on input line 211.


Package natbib Warning: Citation `Non_Markovian_QME' on page 1 undefined on input line 211.


Package natbib Warning: Citation `non_mark' on page 1 undefined on input line 211.


Package natbib Warning: Citation `non_mark_PRA' on page 1 undefined on input line 211.


Package natbib Warning: Citation `beyond_mark_2024' on page 1 undefined on input line 211.


Package natbib Warning: Citation `EA_probe' on page 1 undefined on input line 211.


Package natbib Warning: Citation `NRP2025' on page 1 undefined on input line 211.


Package natbib Warning: Citation `QME_symm_presp_2025' on page 1 undefined on input line 211.


Package natbib Warning: Citation `strong_ME_exponential_acceleration_prl' on page 1 undefined on input line 211.


Package natbib Warning: Citation `strong_ME_exponential_acceleration_pra' on page 1 undefined on input line 211.


Package natbib Warning: Citation `strong_ME_exponential_acceleration_prr' on page 1 undefined on input line 211.


Package natbib Warning: Citation `ME_neq_free_energy' on page 1 undefined on input line 211.


Package natbib Warning: Citation `PhysRevE_2025_marko' on page 1 undefined on input line 211.


Package natbib Warning: Citation `2024_DMP' on page 1 undefined on input line 211.


Package natbib Warning: Citation `PhysRevA_MQME' on page 1 undefined on input line 211.


Package natbib Warning: Citation `QME_reservoirs_quantum_dot' on page 1 undefined on input line 211.


Package natbib Warning: Citation `strong_ME_nc_exp' on page 1 undefined on input line 211.


Package natbib Warning: Citation `inverse_ME_ion' on page 1 undefined on input line 211.


Package natbib Warning: Citation `2024superconducting_QME' on page 1 undefined on input line 211.


Package natbib Warning: Citation `EA_probe' on page 1 undefined on input line 213.


Package natbib Warning: Citation `NRP2025' on page 1 undefined on input line 213.


Package natbib Warning: Citation `QME_symm_presp_2025' on page 1 undefined on input line 213.


Package natbib Warning: Citation `Integrable_PRL' on page 1 undefined on input line 213.


Package natbib Warning: Citation `quasiparticle' on page 1 undefined on input line 213.


Package natbib Warning: Citation `integrable_arxiv' on page 1 undefined on input line 213.


Package natbib Warning: Citation `XY_chain' on page 1 undefined on input line 213.


Package natbib Warning: Citation `XX_chain' on page 1 undefined on input line 213.


Package natbib Warning: Citation `mixed_states_dephase_prb' on page 1 undefined on input line 213.


Package natbib Warning: Citation `z2_XY_chain_2024' on page 1 undefined on input line 213.


Package natbib Warning: Citation `Heisenberg_chain' on page 1 undefined on input line 213.


Package natbib Warning: Citation `Rule54' on page 1 undefined on input line 213.


Package natbib Warning: Citation `2d_free_fermion' on page 1 undefined on input line 213.


Package natbib Warning: Citation `optical_pra' on page 1 undefined on input line 213.


Package natbib Warning: Citation `Translation_symmetry_random_2025' on page 1 undefined on input line 214.


Package natbib Warning: Citation `dual_unitary_circuits_PRXQ' on page 1 undefined on input line 214.


Package natbib Warning: Citation `random_circuits_2024' on page 1 undefined on input line 214.


Package natbib Warning: Citation `random_circuits_2025' on page 1 undefined on input line 214.


Package natbib Warning: Citation `QME_MBL' on page 1 undefined on input line 215.


Package natbib Warning: Citation `QME_trapped_ion' on page 1 undefined on input line 215.

Missing character: There is no — ("2014) in font ptmr8t!
Missing character: There is no — ("2014) in font ptmr8t!
[1]

Package natbib Warning: Citation `2019_science' on page 2 undefined on input line 217.


Package natbib Warning: Citation `2024_science' on page 2 undefined on input line 217.


Package natbib Warning: Citation `2024_nature' on page 2 undefined on input line 217.


Package natbib Warning: Citation `EA_probe' on page 2 undefined on input line 218.

Missing character: There is no — ("2014) in font ptmr8t!
Missing character: There is no — ("2014) in font ptmr8t!
Missing character: There is no — ("2014) in font ptmr8t!

Underfull \hbox (badness 10000) in paragraph at lines 226--229

 []

File: Figure1/Figure1.pdf Graphic file (type pdf)
<use Figure1/Figure1.pdf>

LaTeX Warning: Reference `fig1' on page 2 undefined on input line 239.


Package natbib Warning: Citation `supp_cite' on page 2 undefined on input line 239.


Package natbib Warning: Citation `supp_cite' on page 2 undefined on input line 241.

Missing character: There is no ’ ("2019) in font ptmr8t!

Package natbib Warning: Citation `2021_PRL_guo' on page 2 undefined on input line 241.


LaTeX Warning: Reference `fig1' on page 2 undefined on input line 252.


LaTeX Warning: Reference `fig1' on page 2 undefined on input line 252.


LaTeX Warning: Reference `fig1' on page 2 undefined on input line 252.

File: Figure2/Figure2.pdf Graphic file (type pdf)
<use Figure2/Figure2.pdf>

Package natbib Warning: Citation `supp_cite' on page 2 undefined on input line 263.


LaTeX Warning: Reference `fig2' on page 2 undefined on input line 264.


LaTeX Warning: Reference `fig2' on page 2 undefined on input line 264.


LaTeX Warning: Reference `EA' on page 2 undefined on input line 264.

[2]

Package natbib Warning: Citation `supp_cite' on page 3 undefined on input line 270.


LaTeX Warning: Reference `fig2' on page 3 undefined on input line 274.

Missing character: There is no — ("2014) in font ptmr8t!

Package natbib Warning: Citation `supp_cite' on page 3 undefined on input line 274.


Package natbib Warning: Citation `Integrable_PRL' on page 3 undefined on input line 274.


Package natbib Warning: Citation `quasiparticle' on page 3 undefined on input line 274.


Package natbib Warning: Citation `integrable_arxiv' on page 3 undefined on input line 274.

[3]
File: Figure3/Figure3.pdf Graphic file (type pdf)
<use Figure3/Figure3.pdf>


Package natbib Warning: Citation `supp_cite' on page 4 undefined on input line 288.

Missing character: There is no — ("2014) in font ptmr8t!

LaTeX Warning: Reference `fig3' on page 4 undefined on input line 290.


Package natbib Warning: Citation `random_circuits_2024' on page 4 undefined on input line 290.


LaTeX Warning: Reference `fig3' on page 4 undefined on input line 290.


Package natbib Warning: Citation `QME_MBL' on page 4 undefined on input line 298.


Package natbib Warning: Citation `2013_PRL_Level_Ratio' on page 4 undefined on input line 300.


LaTeX Warning: Reference `hamiltonian' on page 4 undefined on input line 304.


Package natbib Warning: Citation `2019_PNAS_mbl' on page 4 undefined on input line 304.


Package natbib Warning: Citation `2020_PRB_mbl' on page 4 undefined on input line 304.


LaTeX Warning: Reference `fig3' on page 4 undefined on input line 304.

[4]

LaTeX Warning: Reference `fig3' on page 5 undefined on input line 306.


Package natbib Warning: Citation `supp_cite' on page 5 undefined on input line 306.

File: Figure4/Figure4.pdf Graphic file (type pdf)
<use Figure4/Figure4.pdf>

Package natbib Warning: Citation `2020_SA_xu' on page 5 undefined on input line 324.


LaTeX Warning: Reference `fig4' on page 5 undefined on input line 326.


Package natbib Warning: Citation `supp_cite' on page 5 undefined on input line 327.


Package natbib Warning: Citation `supp_cite' on page 5 undefined on input line 327.


Package natbib Warning: Citation `2019_science' on page 5 undefined on input line 329.


LaTeX Warning: Reference `fig4' on page 5 undefined on input line 330.


Package natbib Warning: Citation `QME_long_range_spin' on page 5 undefined on input line 330.


Package natbib Warning: Citation `supp_cite' on page 5 undefined on input line 330.


Underfull \hbox (badness 1237) in paragraph at lines 329--331
\T1/ptm/m/n/10 the qua-sidis-tri-bu-tion func-tion $\OML/cmm/m/it/10 Q\OT1/cmr/m/n/10 (\OML/cmm/m/it/10 ^^R; ^^^\OT1/cmr/m/n/10 ) = \OMS/cmsy/m/n/10 h\OML/cmm/m/it/10 ^^R; ^^^\OMS/cmsy/m/n/10 j\OML/cmm/m/it/10 ^^Z[]\OMS/cmsy/m/n/10 j\OML/cmm/m/it/10 ^^R; ^^^\OMS/cmsy/m/n/10 i$\T1/ptm/m/n/10 ,
 []

[5]

LaTeX Warning: Reference `fig4' on page 6 undefined on input line 332.


Package natbib Warning: Citation `QME_trapped_ion' on page 6 undefined on input line 332.


LaTeX Warning: Reference `hamiltonian' on page 6 undefined on input line 332.

[6]

Package natbib Warning: Citation `2025_periodicallydrivenEA' on page 7 undefined on input line 340.


Package natbib Warning: Citation `prether_IME_arxiv' on page 7 undefined on input line 340.


Package natbib Warning: Citation `2025_QME_no_sym' on page 7 undefined on input line 340.


Package natbib Warning: Citation `Breaking_Hamitonion_zhang' on page 7 undefined on input line 340.


Underfull \hbox (badness 1755) in paragraph at lines 340--342
\T1/ptm/m/n/10 ther-mal-iza-tion through ac-cel-er-ated equi-li-bra-tion, of-fer-ing
 []


Underfull \hbox (badness 10000) in paragraph at lines 340--342

 []

(./main.bbl

LaTeX Warning: Reference `LastBibItem' on page 7 undefined on input line 9.


Underfull \hbox (badness 2302) in paragraph at lines 313--317
 []\T1/ptm/m/n/9 F. Kheiran-dish, N. Cher-agh-pour, and A. Mora-dian, The
 []

Missing character: There is no – ("2013) in font ptmr8t!
Missing character: There is no ş ("15F) in font ptmr8t!
[7]
Underfull \hbox (badness 1062) in paragraph at lines 767--774
 []\T1/ptm/m/n/9 S. Liu, H.-K. Zhang, S. Yin, S.-X. Zhang, and H. Yao,
 []

Missing character: There is no ć ("107) in font ptmr8t!
[8])
Underfull \hbox (badness 2277) in paragraph at lines 347--351
\T1/ptm/m/n/10 92476202, 92365301, T2121001, 12204528, T2322030,
 []

[9]
No file main.toc.
\tf@toc=\write6
\openout6 = `main.toc'.


LaTeX Warning: Reference `chip' on page 10 undefined on input line 398.

File: suppFig/flip_chip.pdf Graphic file (type pdf)
<use suppFig/flip_chip.pdf>
[10]

LaTeX Warning: Reference `Tab1' on page 11 undefined on input line 436.

[11] [12]
Missing character: There is no ’ ("2019) in font ptmr8t!

LaTeX Warning: Reference `timing' on page 13 undefined on input line 481.


LaTeX Warning: Reference `timing' on page 13 undefined on input line 483.


Package natbib Warning: Citation `PRXQuantum_wyy' on page 13 undefined on input line 483.


LaTeX Warning: Reference `timing' on page 13 undefined on input line 486.

Missing character: There is no ’ ("2019) in font ptmr8t!
Missing character: There is no ’ ("2019) in font ptmr8t!
Missing character: There is no ’ ("2019) in font ptmr8t!
Missing character: There is no ’ ("2019) in font ptmr8t!
File: suppFig/FigureSI_timing.pdf Graphic file (type pdf)
<use suppFig/FigureSI_timing.pdf>
Missing character: There is no — ("2014) in font ptmr8t!
Missing character: There is no — ("2014) in font ptmr8t!
[13]
Missing character: There is no ’ ("2019) in font ptmr8t!

LaTeX Warning: Reference `pulseshape' on page 14 undefined on input line 498.

Missing character: There is no ’ ("2019) in font ptmr8t!
Missing character: There is no ’ ("2019) in font ptmr8t!
Missing character: There is no ’ ("2019) in font ptmr8t!
Missing character: There is no ⟩ ("27E9) in font ptmr8t!

LaTeX Warning: Reference `pulseshape' on page 14 undefined on input line 498.

Missing character: There is no ’ ("2019) in font ptmr8t!
Missing character: There is no ’ ("2019) in font ptmr8t!
Missing character: There is no ’ ("2019) in font ptmr8t!

LaTeX Warning: Reference `pulseshape' on page 14 undefined on input line 500.

Missing character: There is no ’ ("2019) in font ptmr8t!
Missing character: There is no ’ ("2019) in font ptmr8t!
Missing character: There is no ’ ("2019) in font ptmr8t!

LaTeX Warning: Reference `pulseshape' on page 14 undefined on input line 501.


Package natbib Warning: Citation `PRA_ltm' on page 14 undefined on input line 501.


LaTeX Warning: Reference `pulseshape' on page 14 undefined on input line 503.


LaTeX Warning: Reference `pulseshape' on page 14 undefined on input line 503.

File: suppFig/FigureSI_pulseshape.pdf Graphic file (type pdf)
<use suppFig/FigureSI_pulseshape.pdf>
[14] [15]

LaTeX Warning: Reference `equivalent circuit' on page 16 undefined on input line 523.

File: suppFig/equivalent_circuit.pdf Graphic file (type pdf)
<use suppFig/equivalent_circuit.pdf>
Missing character: There is no ’ ("2019) in font ptmr8t!
Missing character: There is no ’ ("2019) in font ptmr8t!
[16] [17]
Missing character: There is no ’ ("2019) in font ptmr8t!
[18]

LaTeX Warning: Reference `geff_bus_coupler' on page 19 undefined on input line 671.


Package natbib Warning: Citation `yan_coupler_2018' on page 19 undefined on input line 671.

Missing character: There is no – ("2013) in font ptmr8t!
Missing character: There is no – ("2013) in font ptmr8t!
Missing character: There is no — ("2014) in font ptmr8t!
Missing character: There is no — ("2014) in font ptmr8t!

Package natbib Warning: Citation `10_Qubit_2017' on page 19 undefined on input line 673.


LaTeX Warning: Reference `r1' on page 19 undefined on input line 675.


LaTeX Warning: Reference `r10' on page 19 undefined on input line 676.

File: suppFig/FigureSI_geff_bus_coupler.pdf Graphic file (type pdf)
<use suppFig/FigureSI_geff_bus_coupler.pdf>
Missing character: There is no – ("2013) in font ptmb8t!
Missing character: There is no ’ ("2019) in font ptmr8t!
Missing character: There is no – ("2013) in font ptmb8t!
Missing character: There is no ’ ("2019) in font ptmr8t!
File: suppFig/FigureSI_g_r1.pdf Graphic file (type pdf)
<use suppFig/FigureSI_g_r1.pdf>
File: suppFig/FigureSI_g_r10.pdf Graphic file (type pdf)
<use suppFig/FigureSI_g_r10.pdf>
[19] [20] [21] [22]

LaTeX Warning: Reference `hamiltonian' on page 23 undefined on input line 707.


LaTeX Warning: Reference `fig:tunable.r' on page 23 undefined on input line 712.

File: suppFig/SuppFig1_tunable_r.pdf Graphic file (type pdf)
<use suppFig/SuppFig1_tunable_r.pdf>

Package natbib Warning: Citation `introduction_XYchain' on page 23 undefined on input line 727.


Package natbib Warning: Citation `NRP2025' on page 23 undefined on input line 727.


Package natbib Warning: Citation `Integrable_PRL' on page 23 undefined on input line 727.

Missing character: There is no — ("2014) in font ptmr8t!
Missing character: There is no — ("2014) in font ptmr8t!

LaTeX Warning: Reference `fig:tunable.r' on page 23 undefined on input line 729.


Package hyperref Warning: Token not allowed in a PDF string (Unicode):
(hyperref)                removing `math shift' on input line 731.


Package hyperref Warning: Token not allowed in a PDF string (Unicode):
(hyperref)                removing `math shift' on input line 731.

[23]
File: suppFig/SuppFig2_vn_renyi_tunable_N.pdf Graphic file (type pdf)
<use suppFig/SuppFig2_vn_renyi_tunable_N.pdf>


Package amsmath Warning: Foreign command \over;
(amsmath)                \frac or \genfrac should be used instead
(amsmath)                 on input line 794.

[24] [25]

LaTeX Warning: Reference `fig:tunable.N' on page 26 undefined on input line 821.


LaTeX Warning: Reference `fig:tunable.N' on page 26 undefined on input line 821.


LaTeX Warning: Reference `Figure_Qfunction' on page 26 undefined on input line 825.

Missing character: There is no — ("2014) in font ptmr8t!
File: suppFig/Figure_Qfunction.pdf Graphic file (type pdf)
<use suppFig/Figure_Qfunction.pdf>
[26]

LaTeX Warning: Reference `fig3' on page 27 undefined on input line 842.

File: suppFig/SuppFig4_EA_W_longtime.pdf Graphic file (type pdf)
<use suppFig/SuppFig4_EA_W_longtime.pdf>

LaTeX Warning: Reference `fig:longtime.EA.W' on page 27 undefined on input line 859.


LaTeX Warning: Reference `fig:r.Imbalance' on page 27 undefined on input line 870.


LaTeX Warning: Reference `fig:r.Imbalance' on page 27 undefined on input line 871.

File: suppFig/SuppFig5_r_Imbalance.pdf Graphic file (type pdf)
<use suppFig/SuppFig5_r_Imbalance.pdf>

LaTeX Warning: Reference `Disorder_ferr' on page 27 undefined on input line 884.

File: suppFig/SuppFig6_EA_disorder.pdf Graphic file (type pdf)
<use suppFig/SuppFig6_EA_disorder.pdf>

LaTeX Warning: `h' float specifier changed to `ht'.


Package natbib Warning: Citation `QME_trapped_ion' on page 27 undefined on input line 898.

Missing character: There is no — ("2014) in font ptmr8t!

Package natbib Warning: Citation `QME_trapped_ion' on page 27 undefined on input line 898.

Missing character: There is no — ("2014) in font ptmr8t!
[27] [28]

LaTeX Warning: Reference `state_traj' on page 29 undefined on input line 924.


LaTeX Warning: Reference `state_traj' on page 29 undefined on input line 924.

File: suppFig/plot_state_traj.pdf Graphic file (type pdf)
<use suppFig/plot_state_traj.pdf>

Package natbib Warning: There were undefined citations.

\Changes@OutFile=\write7
\openout7 = `main.soc'.

\tf@loc=\write8
\openout8 = `main.loc'.

[29] (./main.aux

Package natbib Warning: Citation(s) may have changed.
(natbib)                Rerun to get citations correct.

)
 ***********
LaTeX2e <2023-11-01> patch level 1
L3 programming layer <2024-02-20>
 ***********


LaTeX Warning: There were undefined references.


LaTeX Warning: Label(s) may have changed. Rerun to get cross-references right.


Package rerunfilecheck Warning: File `main.out' has changed.
(rerunfilecheck)                Rerun to get outlines right
(rerunfilecheck)                or use package `bookmark'.

Package rerunfilecheck Info: Checksums for `main.out':
(rerunfilecheck)             Before: <no file>
(rerunfilecheck)             After:  4B05F0403F12F2E9BC961E2D5563A5D5;4027.
 ) 
Here is how much of TeX's memory you used:
 28895 strings out of 474773
 570961 string characters out of 5759510
 1956842 words of memory out of 5000000
 50551 multiletter control sequences out of 15000+600000
 597837 words of font info for 104 fonts, out of 8000000 for 9000
 1348 hyphenation exceptions out of 8191
 114i,15n,115p,1597b,1129s stack positions out of 10000i,1000n,20000p,200000b,200000s

Output written on main.pdf (29 pages).
